Arguments: 
  /usr/bin/node /usr/bin/yarn init

PATH: 
  /usr/local/sbin:/usr/local/bin:/usr/sbin:/usr/bin:/sbin:/bin:/usr/games:/usr/local/games:/snap/bin:/snap/bin

Yarn version: 
  1.22.19

Node version: 
  18.12.1

Platform: 
  linux x64

Trace: 
  Error: canceled
      at Interface.<anonymous> (/usr/lib/node_modules/yarn/lib/cli.js:137150:13)
      at Interface.emit (node:events:513:28)
      at [_ttyWrite] [as _ttyWrite] (node:internal/readline/interface:1124:18)
      at ReadStream.onkeypress (node:internal/readline/interface:273:20)
      at ReadStream.emit (node:events:513:28)
      at emitKeys (node:internal/readline/utils:357:14)
      at emitKeys.next (<anonymous>)
      at ReadStream.onData (node:internal/readline/emitKeypressEvents:64:36)
      at ReadStream.emit (node:events:513:28)
      at addChunk (node:internal/streams/readable:324:12)

npm manifest: 
  {
    "name": "motaj",
    "version": "0.1.0",
    "private": true,
    "dependencies": {
      "@react-google-maps/api": "^2.17.0",
      "@reduxjs/toolkit": "^1.9.0",
      "@testing-library/jest-dom": "^5.16.5",
      "@testing-library/react": "^13.4.0",
      "@testing-library/user-event": "^13.5.0",
      "@types/jest": "^27.5.2",
      "@types/node": "^16.18.3",
      "@types/react": "^18.0.25",
      "@types/react-dom": "^18.0.8",
      "axios": "^1.1.3",
      "browser-image-compression": "^2.0.0",
      "framer-motion": "^7.6.7",
      "gsap": "^3.11.3",
      "jwt-decode": "^3.1.2",
      "react": "^18.2.0",
      "react-dom": "^18.2.0",
      "react-hook-form": "^7.39.5",
      "react-icons": "^4.6.0",
      "react-redux": "^8.0.5",
      "react-router-dom": "^6.4.3",
      "react-scripts": "5.0.1",
      "react-textarea-autosize": "^8.4.0",
      "sass": "^1.56.1",
      "typescript": "^4.8.4",
      "web-vitals": "^2.1.4",
      "yarn": "^1.22.19"
    },
    "scripts": {
      "start": "react-scripts start",
      "build": "react-scripts build",
      "test": "react-scripts test",
      "eject": "react-scripts eject"
    },
    "eslintConfig": {
      "extends": [
        "react-app",
        "react-app/jest"
      ]
    },
    "browserslist": {
      "production": [
        ">0.2%",
        "not dead",
        "not op_mini all"
      ],
      "development": [
        "last 1 chrome version",
        "last 1 firefox version",
        "last 1 safari version"
      ]
    }
  }

yarn manifest: 
  No manifest

Lockfile: 
  No lockfile
